AppBanVeXemPhim/android/app/build/intermediates/manifest_merge_blame_file/release/manifest-merger-blame-release-report.txt
1<?xml version="1.0" encoding="utf-8"?>
2<manifest xmlns:android="http://schemas.android.com/apk/res/android"
3    package="com.appbanvexemphim"
4    android:versionCode="1"
5    android:versionName="1.0" >
6
7    <uses-sdk
8        android:minSdkVersion="21"
8-->src\main\AndroidManifest.xml
9        android:targetSdkVersion="29" />
9-->src\main\AndroidManifest.xml
10
11    <uses-permission android:name="android.permission.INTERNET" />
11-->src\main\AndroidManifest.xml:4:5-67
11-->src\main\AndroidManifest.xml:4:22-64
12    <uses-permission android:name="android.permission.CAMERA" />
12-->src\main\AndroidManifest.xml:5:5-64
12-->src\main\AndroidManifest.xml:5:22-62
13    <uses-permission android:name="android.permission.VIBRATE" />
13-->src\main\AndroidManifest.xml:6:5-66
13-->src\main\AndroidManifest.xml:6:22-63
14    <uses-permission android:name="android.permission.RECEIVE_BOOT_COMPLETED" />
14-->src\main\AndroidManifest.xml:7:5-80
14-->src\main\AndroidManifest.xml:7:22-78
15
16    <queries>
16-->[:react-native-image-crop-picker] AndroidManifest.xml:10:5-14:15
17        <intent>
17-->[:react-native-image-crop-picker] AndroidManifest.xml:11:9-13:18
18            <action android:name="android.media.action.IMAGE_CAPTURE" />
18-->[:react-native-image-crop-picker] AndroidManifest.xml:12:13-73
18-->[:react-native-image-crop-picker] AndroidManifest.xml:12:21-70
19        </intent>
20    </queries>
21
22    <uses-permission android:name="android.permission.WRITE_EXTERNAL_STORAGE" />
22-->[:react-native-image-crop-picker] AndroidManifest.xml:16:5-81
22-->[:react-native-image-crop-picker] AndroidManifest.xml:16:22-78
23    <uses-permission android:name="android.permission.ACCESS_NETWORK_STATE" />
23-->[com.google.firebase:firebase-messaging:21.1.0] AndroidManifest.xml:22:5-79
23-->[com.google.firebase:firebase-messaging:21.1.0] AndroidManifest.xml:22:22-76
24    <uses-permission android:name="android.permission.WAKE_LOCK" /> <!-- Required by older versions of Google Play services to create IID tokens -->
24-->[com.google.firebase:firebase-messaging:21.1.0] AndroidManifest.xml:23:5-68
24-->[com.google.firebase:firebase-messaging:21.1.0] AndroidManifest.xml:23:22-65
25    <uses-permission android:name="com.google.android.c2dm.permission.RECEIVE" />
25-->[com.google.firebase:firebase-messaging:21.1.0] AndroidManifest.xml:25:5-82
25-->[com.google.firebase:firebase-messaging:21.1.0] AndroidManifest.xml:25:22-79
26    <uses-permission android:name="com.google.android.finsky.permission.BIND_GET_INSTALL_REFERRER_SERVICE" /> <!-- for android -->
26-->[com.google.android.gms:play-services-measurement:17.3.0] AndroidManifest.xml:26:5-110
26-->[com.google.android.gms:play-services-measurement:17.3.0] AndroidManifest.xml:26:22-107
27    <!-- <uses-permission android:name="com.android.launcher.permission.READ_SETTINGS"/> -->
28    <!-- <uses-permission android:name="com.android.launcher.permission.WRITE_SETTINGS"/> -->
29    <!-- <uses-permission android:name="com.android.launcher.permission.INSTALL_SHORTCUT" /> -->
30    <!-- <uses-permission android:name="com.android.launcher.permission.UNINSTALL_SHORTCUT" /> -->
31    <!-- for Samsung -->
32    <uses-permission android:name="com.sec.android.provider.badge.permission.READ" />
32-->[me.leolin:ShortcutBadger:1.1.22] AndroidManifest.xml:19:5-86
32-->[me.leolin:ShortcutBadger:1.1.22] AndroidManifest.xml:19:22-83
33    <uses-permission android:name="com.sec.android.provider.badge.permission.WRITE" /> <!-- for htc -->
33-->[me.leolin:ShortcutBadger:1.1.22] AndroidManifest.xml:20:5-87
33-->[me.leolin:ShortcutBadger:1.1.22] AndroidManifest.xml:20:22-84
34    <uses-permission android:name="com.htc.launcher.permission.READ_SETTINGS" />
34-->[me.leolin:ShortcutBadger:1.1.22] AndroidManifest.xml:23:5-81
34-->[me.leolin:ShortcutBadger:1.1.22] AndroidManifest.xml:23:22-78
35    <uses-permission android:name="com.htc.launcher.permission.UPDATE_SHORTCUT" /> <!-- for sony -->
35-->[me.leolin:ShortcutBadger:1.1.22] AndroidManifest.xml:24:5-83
35-->[me.leolin:ShortcutBadger:1.1.22] AndroidManifest.xml:24:22-80
36    <uses-permission android:name="com.sonyericsson.home.permission.BROADCAST_BADGE" />
36-->[me.leolin:ShortcutBadger:1.1.22] AndroidManifest.xml:27:5-88
36-->[me.leolin:ShortcutBadger:1.1.22] AndroidManifest.xml:27:22-85
37    <uses-permission android:name="com.sonymobile.home.permission.PROVIDER_INSERT_BADGE" /> <!-- for apex -->
37-->[me.leolin:ShortcutBadger:1.1.22] AndroidManifest.xml:28:5-92
37-->[me.leolin:ShortcutBadger:1.1.22] AndroidManifest.xml:28:22-89
38    <uses-permission android:name="com.anddoes.launcher.permission.UPDATE_COUNT" /> <!-- for solid -->
38-->[me.leolin:ShortcutBadger:1.1.22] AndroidManifest.xml:31:5-84
38-->[me.leolin:ShortcutBadger:1.1.22] AndroidManifest.xml:31:22-81
39    <uses-permission android:name="com.majeur.launcher.permission.UPDATE_BADGE" /> <!-- for huawei -->
39-->[me.leolin:ShortcutBadger:1.1.22] AndroidManifest.xml:34:5-83
39-->[me.leolin:ShortcutBadger:1.1.22] AndroidManifest.xml:34:22-80
40    <uses-permission android:name="com.huawei.android.launcher.permission.CHANGE_BADGE" />
40-->[me.leolin:ShortcutBadger:1.1.22] AndroidManifest.xml:37:5-91
40-->[me.leolin:ShortcutBadger:1.1.22] AndroidManifest.xml:37:22-88
41    <uses-permission android:name="com.huawei.android.launcher.permission.READ_SETTINGS" />
41-->[me.leolin:ShortcutBadger:1.1.22] AndroidManifest.xml:38:5-92
41-->[me.leolin:ShortcutBadger:1.1.22] AndroidManifest.xml:38:22-89
42    <uses-permission android:name="com.huawei.android.launcher.permission.WRITE_SETTINGS" /> <!-- for ZUK -->
42-->[me.leolin:ShortcutBadger:1.1.22] AndroidManifest.xml:39:5-93
42-->[me.leolin:ShortcutBadger:1.1.22] AndroidManifest.xml:39:22-90
43    <uses-permission android:name="android.permission.READ_APP_BADGE" /> <!-- for OPPO -->
43-->[me.leolin:ShortcutBadger:1.1.22] AndroidManifest.xml:42:5-73
43-->[me.leolin:ShortcutBadger:1.1.22] AndroidManifest.xml:42:22-70
44    <uses-permission android:name="com.oppo.launcher.permission.READ_SETTINGS" />
44-->[me.leolin:ShortcutBadger:1.1.22] AndroidManifest.xml:45:5-82
44-->[me.leolin:ShortcutBadger:1.1.22] AndroidManifest.xml:45:22-79
45    <uses-permission android:name="com.oppo.launcher.permission.WRITE_SETTINGS" /> <!-- for EvMe -->
45-->[me.leolin:ShortcutBadger:1.1.22] AndroidManifest.xml:46:5-83
45-->[me.leolin:ShortcutBadger:1.1.22] AndroidManifest.xml:46:22-80
46    <uses-permission android:name="me.everything.badger.permission.BADGE_COUNT_READ" />
46-->[me.leolin:ShortcutBadger:1.1.22] AndroidManifest.xml:49:5-88
46-->[me.leolin:ShortcutBadger:1.1.22] AndroidManifest.xml:49:22-85
47    <uses-permission android:name="me.everything.badger.permission.BADGE_COUNT_WRITE" />
47-->[me.leolin:ShortcutBadger:1.1.22] AndroidManifest.xml:50:5-89
47-->[me.leolin:ShortcutBadger:1.1.22] AndroidManifest.xml:50:22-86
48
49    <application
49-->src\main\AndroidManifest.xml:9:5-56:19
50        android:name="com.appbanvexemphim.MainApplication"
50-->src\main\AndroidManifest.xml:12:7-38
51        android:allowBackup="false"
51-->src\main\AndroidManifest.xml:16:7-34
52        android:appComponentFactory="androidx.core.app.CoreComponentFactory"
52-->[androidx.core:core:1.1.0] AndroidManifest.xml:24:18-86
53        android:icon="@mipmap/ic_launcher"
53-->src\main\AndroidManifest.xml:14:7-41
54        android:label="@string/app_name"
54-->src\main\AndroidManifest.xml:13:7-39
55        android:roundIcon="@mipmap/ic_launcher_round"
55-->src\main\AndroidManifest.xml:15:7-52
56        android:theme="@style/AppTheme"
56-->src\main\AndroidManifest.xml:17:7-38
57        android:usesCleartextTraffic="true" >
57-->src\main\AndroidManifest.xml:11:7-42
58        <activity
58-->src\main\AndroidManifest.xml:18:7-29:18
59            android:name="com.appbanvexemphim.MainActivity"
59-->src\main\AndroidManifest.xml:19:9-37
60            android:configChanges="keyboard|keyboardHidden|orientation|screenSize|uiMode"
60-->src\main\AndroidManifest.xml:21:9-86
61            android:label="@string/app_name"
61-->src\main\AndroidManifest.xml:20:9-41
62            android:launchMode="singleTask"
62-->src\main\AndroidManifest.xml:23:9-40
63            android:screenOrientation="portrait"
63-->src\main\AndroidManifest.xml:22:9-45
64            android:windowSoftInputMode="adjustResize" >
64-->src\main\AndroidManifest.xml:24:9-51
65            <intent-filter>
65-->src\main\AndroidManifest.xml:25:9-28:25
66                <action android:name="android.intent.action.MAIN" />
66-->src\main\AndroidManifest.xml:26:13-65
66-->src\main\AndroidManifest.xml:26:21-62
67
68                <category android:name="android.intent.category.LAUNCHER" />
68-->src\main\AndroidManifest.xml:27:13-73
68-->src\main\AndroidManifest.xml:27:23-70
69            </intent-filter>
70        </activity>
71
72        <!-- Change the value to true to enable pop-up for in foreground on receiving remote notifications (for prevent duplicating while showing local notifications set this to false) -->
73        <meta-data
73-->src\main\AndroidManifest.xml:32:9-33:44
74            android:name="com.dieam.reactnativepushnotification.notification_foreground"
74-->src\main\AndroidManifest.xml:32:21-97
75            android:value="false" />
75-->src\main\AndroidManifest.xml:33:21-42
76        <!-- Change the resource name to your App's accent color - or any other color you want -->
77        <meta-data
77-->src\main\AndroidManifest.xml:35:9-36:54
78            android:name="com.dieam.reactnativepushnotification.notification_color"
78-->src\main\AndroidManifest.xml:35:21-92
79            android:resource="@color/white" /> <!-- or @android:color/{name} to use a standard color -->
79-->src\main\AndroidManifest.xml:36:21-52
80
81        <receiver android:name="com.dieam.reactnativepushnotification.modules.RNPushNotificationActions" />
81-->src\main\AndroidManifest.xml:38:9-108
81-->src\main\AndroidManifest.xml:38:19-105
82        <receiver android:name="com.dieam.reactnativepushnotification.modules.RNPushNotificationPublisher" />
82-->src\main\AndroidManifest.xml:39:9-110
82-->src\main\AndroidManifest.xml:39:19-107
83        <receiver android:name="com.dieam.reactnativepushnotification.modules.RNPushNotificationBootEventReceiver" >
83-->src\main\AndroidManifest.xml:40:9-46:20
83-->src\main\AndroidManifest.xml:40:19-115
84            <intent-filter>
84-->src\main\AndroidManifest.xml:41:13-45:29
85                <action android:name="android.intent.action.BOOT_COMPLETED" />
85-->src\main\AndroidManifest.xml:42:17-79
85-->src\main\AndroidManifest.xml:42:25-76
86                <action android:name="android.intent.action.QUICKBOOT_POWERON" />
86-->src\main\AndroidManifest.xml:43:17-82
86-->src\main\AndroidManifest.xml:43:25-79
87                <action android:name="com.htc.intent.action.QUICKBOOT_POWERON" />
87-->src\main\AndroidManifest.xml:44:17-81
87-->src\main\AndroidManifest.xml:44:25-79
88            </intent-filter>
89        </receiver>
90
91        <service
91-->src\main\AndroidManifest.xml:48:9-54:19
92            android:name="com.dieam.reactnativepushnotification.modules.RNPushNotificationListenerService"
92-->src\main\AndroidManifest.xml:49:13-107
93            android:exported="false" >
93-->src\main\AndroidManifest.xml:50:13-37
94            <intent-filter>
94-->src\main\AndroidManifest.xml:51:13-53:29
95                <action android:name="com.google.firebase.MESSAGING_EVENT" />
95-->src\main\AndroidManifest.xml:52:17-78
95-->src\main\AndroidManifest.xml:52:25-75
96            </intent-filter>
97        </service>
98
99        <provider
99-->[:react-native-image-crop-picker] AndroidManifest.xml:19:9-27:20
100            android:name="androidx.core.content.FileProvider"
100-->[:react-native-image-crop-picker] AndroidManifest.xml:20:13-62
101            android:authorities="com.appbanvexemphim.provider"
101-->[:react-native-image-crop-picker] AndroidManifest.xml:21:13-60
102            android:exported="false"
102-->[:react-native-image-crop-picker] AndroidManifest.xml:22:13-37
103            android:grantUriPermissions="true" >
103-->[:react-native-image-crop-picker] AndroidManifest.xml:23:13-47
104            <meta-data
104-->[:react-native-image-crop-picker] AndroidManifest.xml:24:13-26:58
105                android:name="android.support.FILE_PROVIDER_PATHS"
105-->[:react-native-image-crop-picker] AndroidManifest.xml:25:17-67
106                android:resource="@xml/provider_paths" />
106-->[:react-native-image-crop-picker] AndroidManifest.xml:26:17-55
107        </provider>
108
109        <activity
109-->[:react-native-image-crop-picker] AndroidManifest.xml:29:9-31:72
110            android:name="com.yalantis.ucrop.UCropActivity"
110-->[:react-native-image-crop-picker] AndroidManifest.xml:30:13-60
111            android:theme="@style/Theme.AppCompat.Light.NoActionBar" />
111-->[:react-native-image-crop-picker] AndroidManifest.xml:31:13-69
112
113        <provider
113-->[:react-native-webview] AndroidManifest.xml:12:9-20:20
114            android:name="com.reactnativecommunity.webview.RNCWebViewFileProvider"
114-->[:react-native-webview] AndroidManifest.xml:13:13-83
115            android:authorities="com.appbanvexemphim.fileprovider"
115-->[:react-native-webview] AndroidManifest.xml:14:13-64
116            android:exported="false"
116-->[:react-native-webview] AndroidManifest.xml:15:13-37
117            android:grantUriPermissions="true" >
117-->[:react-native-webview] AndroidManifest.xml:16:13-47
118            <meta-data
118-->[:react-native-image-crop-picker] AndroidManifest.xml:24:13-26:58
119                android:name="android.support.FILE_PROVIDER_PATHS"
119-->[:react-native-image-crop-picker] AndroidManifest.xml:25:17-67
120                android:resource="@xml/file_provider_paths" />
120-->[:react-native-image-crop-picker] AndroidManifest.xml:26:17-55
121        </provider>
122
123        <receiver
123-->[com.google.firebase:firebase-messaging:21.1.0] AndroidManifest.xml:28:9-35:20
124            android:name="com.google.firebase.iid.FirebaseInstanceIdReceiver"
124-->[com.google.firebase:firebase-messaging:21.1.0] AndroidManifest.xml:29:13-78
125            android:exported="true"
125-->[com.google.firebase:firebase-messaging:21.1.0] AndroidManifest.xml:30:13-36
126            android:permission="com.google.android.c2dm.permission.SEND" >
126-->[com.google.firebase:firebase-messaging:21.1.0] AndroidManifest.xml:31:13-73
127            <intent-filter>
127-->[com.google.firebase:firebase-messaging:21.1.0] AndroidManifest.xml:32:13-34:29
128                <action android:name="com.google.android.c2dm.intent.RECEIVE" />
128-->[com.google.firebase:firebase-messaging:21.1.0] AndroidManifest.xml:33:17-81
128-->[com.google.firebase:firebase-messaging:21.1.0] AndroidManifest.xml:33:25-78
129            </intent-filter>
130        </receiver>
131        <!--
132             FirebaseMessagingService performs security checks at runtime,
133             but set to not exported to explicitly avoid allowing another app to call it.
134        -->
135        <service
135-->[com.google.firebase:firebase-messaging:21.1.0] AndroidManifest.xml:41:9-48:19
136            android:name="com.google.firebase.messaging.FirebaseMessagingService"
136-->[com.google.firebase:firebase-messaging:21.1.0] AndroidManifest.xml:42:13-82
137            android:directBootAware="true"
137-->[com.google.firebase:firebase-messaging:21.1.0] AndroidManifest.xml:43:13-43
138            android:exported="false" >
138-->[com.google.firebase:firebase-messaging:21.1.0] AndroidManifest.xml:44:13-37
139            <intent-filter android:priority="-500" >
139-->src\main\AndroidManifest.xml:51:13-53:29
140                <action android:name="com.google.firebase.MESSAGING_EVENT" />
140-->src\main\AndroidManifest.xml:52:17-78
140-->src\main\AndroidManifest.xml:52:25-75
141            </intent-filter>
142        </service>
143        <service
143-->[com.google.firebase:firebase-messaging:21.1.0] AndroidManifest.xml:49:9-55:19
144            android:name="com.google.firebase.components.ComponentDiscoveryService"
144-->[com.google.firebase:firebase-messaging:21.1.0] AndroidManifest.xml:50:13-84
145            android:directBootAware="true"
145-->[com.google.firebase:firebase-common:19.5.0] AndroidManifest.xml:35:13-43
146            android:exported="false" >
146-->[com.google.firebase:firebase-messaging:21.1.0] AndroidManifest.xml:51:13-37
147            <meta-data
147-->[com.google.firebase:firebase-messaging:21.1.0] AndroidManifest.xml:52:13-54:85
148                android:name="com.google.firebase.components:com.google.firebase.messaging.FirebaseMessagingRegistrar"
148-->[com.google.firebase:firebase-messaging:21.1.0] AndroidManifest.xml:53:17-119
149                android:value="com.google.firebase.components.ComponentRegistrar" />
149-->[com.google.firebase:firebase-messaging:21.1.0] AndroidManifest.xml:54:17-82
150            <meta-data
150-->[com.google.firebase:firebase-datatransport:17.0.10] AndroidManifest.xml:28:13-30:85
151                android:name="com.google.firebase.components:com.google.firebase.datatransport.TransportRegistrar"
151-->[com.google.firebase:firebase-datatransport:17.0.10] AndroidManifest.xml:29:17-115
152                android:value="com.google.firebase.components.ComponentRegistrar" />
152-->[com.google.firebase:firebase-datatransport:17.0.10] AndroidManifest.xml:30:17-82
153            <meta-data
153-->[com.google.android.gms:play-services-measurement-api:17.3.0] AndroidManifest.xml:30:13-32:85
154                android:name="com.google.firebase.components:com.google.firebase.analytics.connector.internal.AnalyticsConnectorRegistrar"
154-->[com.google.android.gms:play-services-measurement-api:17.3.0] AndroidManifest.xml:31:17-139
155                android:value="com.google.firebase.components.ComponentRegistrar" />
155-->[com.google.android.gms:play-services-measurement-api:17.3.0] AndroidManifest.xml:32:17-82
156            <meta-data
156-->[com.google.firebase:firebase-iid:21.1.0] AndroidManifest.xml:32:13-34:85
157                android:name="com.google.firebase.components:com.google.firebase.iid.Registrar"
157-->[com.google.firebase:firebase-iid:21.1.0] AndroidManifest.xml:33:17-96
158                android:value="com.google.firebase.components.ComponentRegistrar" />
158-->[com.google.firebase:firebase-iid:21.1.0] AndroidManifest.xml:34:17-82
159            <meta-data
159-->[com.google.firebase:firebase-installations:16.3.5] AndroidManifest.xml:18:13-20:85
160                android:name="com.google.firebase.components:com.google.firebase.installations.FirebaseInstallationsRegistrar"
160-->[com.google.firebase:firebase-installations:16.3.5] AndroidManifest.xml:19:17-127
161                android:value="com.google.firebase.components.ComponentRegistrar" />
161-->[com.google.firebase:firebase-installations:16.3.5] AndroidManifest.xml:20:17-82
162            <!--
163                This registrar is not defined in the dynamic-module-support sdk itself to allow non-firebase
164                clients to use it as well, by defining this registrar in their own core/common library.
165            -->
166            <meta-data
166-->[com.google.firebase:firebase-common:19.5.0] AndroidManifest.xml:43:13-45:85
167                android:name="com.google.firebase.components:com.google.firebase.dynamicloading.DynamicLoadingRegistrar"
167-->[com.google.firebase:firebase-common:19.5.0] AndroidManifest.xml:44:17-121
168                android:value="com.google.firebase.components.ComponentRegistrar" />
168-->[com.google.firebase:firebase-common:19.5.0] AndroidManifest.xml:45:17-82
169        </service>
170        <service
170-->[com.google.android.datatransport:transport-backend-cct:2.3.3] AndroidManifest.xml:29:9-35:19
171            android:name="com.google.android.datatransport.runtime.backends.TransportBackendDiscovery"
171-->[com.google.android.datatransport:transport-backend-cct:2.3.3] AndroidManifest.xml:30:13-103
172            android:exported="false" >
172-->[com.google.android.datatransport:transport-backend-cct:2.3.3] AndroidManifest.xml:31:13-37
173            <meta-data
173-->[com.google.android.datatransport:transport-backend-cct:2.3.3] AndroidManifest.xml:32:13-34:39
174                android:name="backend:com.google.android.datatransport.cct.CctBackendFactory"
174-->[com.google.android.datatransport:transport-backend-cct:2.3.3] AndroidManifest.xml:33:17-94
175                android:value="cct" />
175-->[com.google.android.datatransport:transport-backend-cct:2.3.3] AndroidManifest.xml:34:17-36
176        </service>
177        <service
177-->[com.google.android.datatransport:transport-runtime:2.2.5] AndroidManifest.xml:26:9-30:19
178            android:name="com.google.android.datatransport.runtime.scheduling.jobscheduling.JobInfoSchedulerService"
178-->[com.google.android.datatransport:transport-runtime:2.2.5] AndroidManifest.xml:27:13-117
179            android:exported="false"
179-->[com.google.android.datatransport:transport-runtime:2.2.5] AndroidManifest.xml:28:13-37
180            android:permission="android.permission.BIND_JOB_SERVICE" >
180-->[com.google.android.datatransport:transport-runtime:2.2.5] AndroidManifest.xml:29:13-69
181        </service>
182
183        <receiver
183-->[com.google.android.datatransport:transport-runtime:2.2.5] AndroidManifest.xml:32:9-34:40
184            android:name="com.google.android.datatransport.runtime.scheduling.jobscheduling.AlarmManagerSchedulerBroadcastReceiver"
184-->[com.google.android.datatransport:transport-runtime:2.2.5] AndroidManifest.xml:33:13-132
185            android:exported="false" />
185-->[com.google.android.datatransport:transport-runtime:2.2.5] AndroidManifest.xml:34:13-37
186        <receiver
186-->[com.google.android.gms:play-services-measurement:17.3.0] AndroidManifest.xml:29:9-33:20
187            android:name="com.google.android.gms.measurement.AppMeasurementReceiver"
187-->[com.google.android.gms:play-services-measurement:17.3.0] AndroidManifest.xml:30:13-85
188            android:enabled="true"
188-->[com.google.android.gms:play-services-measurement:17.3.0] AndroidManifest.xml:31:13-35
189            android:exported="false" >
189-->[com.google.android.gms:play-services-measurement:17.3.0] AndroidManifest.xml:32:13-37
190        </receiver>
191        <receiver
191-->[com.google.android.gms:play-services-measurement:17.3.0] AndroidManifest.xml:34:9-42:20
192            android:name="com.google.android.gms.measurement.AppMeasurementInstallReferrerReceiver"
192-->[com.google.android.gms:play-services-measurement:17.3.0] AndroidManifest.xml:35:13-100
193            android:enabled="true"
193-->[com.google.android.gms:play-services-measurement:17.3.0] AndroidManifest.xml:36:13-35
194            android:exported="true"
194-->[com.google.android.gms:play-services-measurement:17.3.0] AndroidManifest.xml:37:13-36
195            android:permission="android.permission.INSTALL_PACKAGES" >
195-->[com.google.android.gms:play-services-measurement:17.3.0] AndroidManifest.xml:38:13-69
196            <intent-filter>
196-->[com.google.android.gms:play-services-measurement:17.3.0] AndroidManifest.xml:39:13-41:29
197                <action android:name="com.android.vending.INSTALL_REFERRER" />
197-->[com.google.android.gms:play-services-measurement:17.3.0] AndroidManifest.xml:40:17-79
197-->[com.google.android.gms:play-services-measurement:17.3.0] AndroidManifest.xml:40:25-76
198            </intent-filter>
199        </receiver>
200
201        <service
201-->[com.google.android.gms:play-services-measurement:17.3.0] AndroidManifest.xml:44:9-47:40
202            android:name="com.google.android.gms.measurement.AppMeasurementService"
202-->[com.google.android.gms:play-services-measurement:17.3.0] AndroidManifest.xml:45:13-84
203            android:enabled="true"
203-->[com.google.android.gms:play-services-measurement:17.3.0] AndroidManifest.xml:46:13-35
204            android:exported="false" />
204-->[com.google.android.gms:play-services-measurement:17.3.0] AndroidManifest.xml:47:13-37
205        <service
205-->[com.google.android.gms:play-services-measurement:17.3.0] AndroidManifest.xml:48:9-52:72
206            android:name="com.google.android.gms.measurement.AppMeasurementJobService"
206-->[com.google.android.gms:play-services-measurement:17.3.0] AndroidManifest.xml:49:13-87
207            android:enabled="true"
207-->[com.google.android.gms:play-services-measurement:17.3.0] AndroidManifest.xml:50:13-35
208            android:exported="false"
208-->[com.google.android.gms:play-services-measurement:17.3.0] AndroidManifest.xml:51:13-37
209            android:permission="android.permission.BIND_JOB_SERVICE" />
209-->[com.google.android.gms:play-services-measurement:17.3.0] AndroidManifest.xml:52:13-69
210
211        <provider
211-->[com.google.firebase:firebase-common:19.5.0] AndroidManifest.xml:26:9-31:39
212            android:name="com.google.firebase.provider.FirebaseInitProvider"
212-->[com.google.firebase:firebase-common:19.5.0] AndroidManifest.xml:27:13-77
213            android:authorities="com.appbanvexemphim.firebaseinitprovider"
213-->[com.google.firebase:firebase-common:19.5.0] AndroidManifest.xml:28:13-72
214            android:directBootAware="true"
214-->[com.google.firebase:firebase-common:19.5.0] AndroidManifest.xml:29:13-43
215            android:exported="false"
215-->[com.google.firebase:firebase-common:19.5.0] AndroidManifest.xml:30:13-37
216            android:initOrder="100" />
216-->[com.google.firebase:firebase-common:19.5.0] AndroidManifest.xml:31:13-36
217
218        <meta-data
218-->[com.google.android.gms:play-services-basement:17.0.0] AndroidManifest.xml:23:9-25:69
219            android:name="com.google.android.gms.version"
219-->[com.google.android.gms:play-services-basement:17.0.0] AndroidManifest.xml:24:13-58
220            android:value="@integer/google_play_services_version" />
220-->[com.google.android.gms:play-services-basement:17.0.0] AndroidManifest.xml:25:13-66
221    </application>
222
223</manifest>